  Window.cpp
  Vertex3D.cpp
  Vector4.cpp
  Vector3.cpp
  Vector2.cpp
  Tween.cpp
  Transform3D.cpp
  Transform2D.cpp
  Timer.cpp
  TiledMap.cpp
  Texture.cpp
  TextActor2D.cpp
  Sprite2D.cpp
  Skybox.cpp
  ShadowMap3D.cpp
  ShaderUpdater.cpp
  Shader.cpp
  Settings.cpp
  SDLFramework.cpp
e:\git_repositories\johnnyengine\src\sdlframework.cpp(514): warning C4244: "=": Konvertierung von "const SDL_FingerID" in "long", möglicher Datenverlust
e:\git_repositories\johnnyengine\src\sdlframework.cpp(517): warning C4244: "=": Konvertierung von "const SDL_TouchID" in "long", möglicher Datenverlust
e:\git_repositories\johnnyengine\src\sdlframework.cpp(526): warning C4244: "=": Konvertierung von "const SDL_TouchID" in "long", möglicher Datenverlust
e:\git_repositories\johnnyengine\src\sdlframework.cpp(532): warning C4244: "=": Konvertierung von "const SDL_GestureID" in "long", möglicher Datenverlust
e:\git_repositories\johnnyengine\src\sdlframework.cpp(535): warning C4244: "=": Konvertierung von "const SDL_TouchID" in "long", möglicher Datenverlust
  ResourceManager.cpp
  Code wird generiert...
  Kompilieren...
  RenderUtil.cpp
  RenderTexture.cpp
  RenderManager.cpp
  RenderBuffer.cpp
  PhysicsSprite2D.cpp
  Physics2D.cpp
  operators.cpp
  OBJLoader.cpp
e:\git_repositories\johnnyengine\src\objloader.cpp(98): warning C4244: "Argument": Konvertierung von "double" in "const GLfloat", möglicher Datenverlust
e:\git_repositories\johnnyengine\src\objloader.cpp(103): warning C4244: "Argument": Konvertierung von "double" in "const GLfloat", möglicher Datenverlust
e:\git_repositories\johnnyengine\src\objloader.cpp(109): warning C4244: "Argument": Konvertierung von "double" in "const GLfloat", möglicher Datenverlust
e:\git_repositories\johnnyengine\src\objloader.cpp(534): warning C4244: "Argument": Konvertierung von "double" in "const GLfloat", möglicher Datenverlust
e:\git_repositories\johnnyengine\src\objloader.cpp(540): warning C4244: "Argument": Konvertierung von "double" in "const GLfloat", möglicher Datenverlust
e:\git_repositories\johnnyengine\src\objloader.cpp(546): warning C4244: "Argument": Konvertierung von "double" in "const GLfloat", möglicher Datenverlust
e:\git_repositories\johnnyengine\src\objloader.cpp(556): warning C4244: "Argument": Konvertierung von "double" in "const GLfloat", möglicher Datenverlust
e:\git_repositories\johnnyengine\src\objloader.cpp(562): warning C4244: "Argument": Konvertierung von "double" in "const GLfloat", möglicher Datenverlust
e:\git_repositories\johnnyengine\src\objloader.cpp(568): warning C4244: "Argument": Konvertierung von "double" in "const GLfloat", möglicher Datenverlust
e:\git_repositories\johnnyengine\src\objloader.cpp(577): warning C4244: "Argument": Konvertierung von "double" in "const GLfloat", möglicher Datenverlust
e:\git_repositories\johnnyengine\src\objloader.cpp(583): warning C4244: "Argument": Konvertierung von "double" in "const GLfloat", möglicher Datenverlust
e:\git_repositories\johnnyengine\src\objloader.cpp(589): warning C4244: "Argument": Konvertierung von "double" in "const GLfloat", möglicher Datenverlust
e:\git_repositories\johnnyengine\src\objloader.cpp(599): warning C4244: "Argument": Konvertierung von "double" in "const GLfloat", möglicher Datenverlust
e:\git_repositories\johnnyengine\src\objloader.cpp(605): warning C4244: "Argument": Konvertierung von "double" in "const GLfloat", möglicher Datenverlust
e:\git_repositories\johnnyengine\src\objloader.cpp(611): warning C4244: "Argument": Konvertierung von "double" in "const GLfloat", möglicher Datenverlust
e:\git_repositories\johnnyengine\src\objloader.cpp(620): warning C4244: "Argument": Konvertierung von "double" in "const GLfloat", möglicher Datenverlust
e:\git_repositories\johnnyengine\src\objloader.cpp(626): warning C4244: "Argument": Konvertierung von "double" in "const GLfloat", möglicher Datenverlust
e:\git_repositories\johnnyengine\src\objloader.cpp(632): warning C4244: "Argument": Konvertierung von "double" in "const GLfloat", möglicher Datenverlust
  Model3D.cpp
  Mesh3D.cpp
  Matrix4.cpp
  Matrix3.cpp
  mathematics.cpp
  MainClass.cpp
  LogManager.cpp
  Light3D.cpp
  JoystickManager.cpp
  JoystickListener.cpp
  InputManager.cpp
  GLFWFramework.cpp
  Code wird generiert...
  Kompilieren...
  Geometry.cpp
  Framework.cpp
  FrameBuffer.cpp
  Entity3D.cpp
  DebugMovement3D.cpp
  DebugMovement2D.cpp
  CubeMap3D.cpp
  ContactListener.cpp
  Colors.cpp
  Camera3D.cpp
  Camera2D.cpp
  Actor.cpp
  Code wird generiert...
  stb_image.c
  SDL2_rotozoom.c
  SDL2_imageFilter.c
  SDL2_gfxPrimitives.c
  SDL2_framerate.c
  Code wird generiert...
glew32_d.lib(glew32d.dll) : warning LNK4006: __NULL_IMPORT_DESCRIPTOR ist bereits in "assimp-vc140-mt_d.lib(assimp-vc140-mt.dll)" definiert; zweite Definition wird ignoriert.
glew32_d.lib(glew32d.dll) : warning LNK4221: Die Objektdatei definiert keine zuvor undefinierten ÷ffentlichen Symbole. Sie wird daher von keinem Verkn³pfungsvorgang verwendet, der diese Bibliothek benutzt.
glfw3_d.lib(glfw3.dll) : warning LNK4006: __NULL_IMPORT_DESCRIPTOR ist bereits in "assimp-vc140-mt_d.lib(assimp-vc140-mt.dll)" definiert; zweite Definition wird ignoriert.
glfw3_d.lib(glfw3.dll) : warning LNK4221: Die Objektdatei definiert keine zuvor undefinierten ÷ffentlichen Symbole. Sie wird daher von keinem Verkn³pfungsvorgang verwendet, der diese Bibliothek benutzt.
SDL2_d.lib(SDL2d.dll) : warning LNK4006: __NULL_IMPORT_DESCRIPTOR ist bereits in "assimp-vc140-mt_d.lib(assimp-vc140-mt.dll)" definiert; zweite Definition wird ignoriert.
SDL2_d.lib(SDL2d.dll) : warning LNK4221: Die Objektdatei definiert keine zuvor undefinierten ÷ffentlichen Symbole. Sie wird daher von keinem Verkn³pfungsvorgang verwendet, der diese Bibliothek benutzt.
SDL2_ttf_d.lib(SDL2_ttf.dll) : warning LNK4006: __NULL_IMPORT_DESCRIPTOR ist bereits in "assimp-vc140-mt_d.lib(assimp-vc140-mt.dll)" definiert; zweite Definition wird ignoriert.
SDL2_ttf_d.lib(SDL2_ttf.dll) : warning LNK4221: Die Objektdatei definiert keine zuvor undefinierten ÷ffentlichen Symbole. Sie wird daher von keinem Verkn³pfungsvorgang verwendet, der diese Bibliothek benutzt.
tinyxml2_d.lib(tinyxml2d.dll) : warning LNK4006: "public: enum tinyxml2::XMLError __thiscall tinyxml2::XMLElement::QueryIntAttribute(char const *,int *)const " (?QueryIntAttribute@XMLElement@tinyxml2@@QBE?AW4XMLError@2@PBDPAH@Z) ist bereits in "tmxparser_d.lib(TmxImageLayer.obj)" definiert; zweite Definition wird ignoriert.
tinyxml2_d.lib(tinyxml2d.dll) : warning LNK4006: "public: enum tinyxml2::XMLError __thiscall tinyxml2::XMLElement::QueryFloatAttribute(char const *,float *)const " (?QueryFloatAttribute@XMLElement@tinyxml2@@QBE?AW4XMLError@2@PBDPAM@Z) ist bereits in "tmxparser_d.lib(TmxImageLayer.obj)" definiert; zweite Definition wird ignoriert.
tinyxml2_d.lib(tinyxml2d.dll) : warning LNK4006: "public: enum tinyxml2::XMLError __thiscall tinyxml2::XMLElement::QueryBoolAttribute(char const *,bool *)const " (?QueryBoolAttribute@XMLElement@tinyxml2@@QBE?AW4XMLError@2@PBDPA_N@Z) ist bereits in "tmxparser_d.lib(TmxImageLayer.obj)" definiert; zweite Definition wird ignoriert.
tinyxml2_d.lib(tinyxml2d.dll) : warning LNK4006: "public: class tinyxml2::XMLNode const * __thiscall tinyxml2::XMLNode::NextSibling(void)const " (?NextSibling@XMLNode@tinyxml2@@QBEPBV12@XZ) ist bereits in "tmxparser_d.lib(TmxMap.obj)" definiert; zweite Definition wird ignoriert.
tinyxml2_d.lib(tinyxml2d.dll) : warning LNK4006: "public: class tinyxml2::XMLElement * __thiscall tinyxml2::XMLNode::FirstChildElement(char const *)" (?FirstChildElement@XMLNode@tinyxml2@@QAEPAVXMLElement@2@PBD@Z) ist bereits in "tmxparser_d.lib(TmxMap.obj)" definiert; zweite Definition wird ignoriert.
tinyxml2_d.lib(tinyxml2d.dll) : warning LNK4006: "public: class tinyxml2::XMLNode * __thiscall tinyxml2::XMLNode::FirstChild(void)" (?FirstChild@XMLNode@tinyxml2@@QAEPAV12@XZ) ist bereits in "tmxparser_d.lib(TmxMap.obj)" definiert; zweite Definition wird ignoriert.
tinyxml2_d.lib(tinyxml2d.dll) : warning LNK4006: "public: enum tinyxml2::XMLError __thiscall tinyxml2::XMLDocument::ErrorID(void)const " (?ErrorID@XMLDocument@tinyxml2@@QBE?AW4XMLError@2@XZ) ist bereits in "tmxparser_d.lib(TmxTileset.obj)" definiert; zweite Definition wird ignoriert.
tinyxml2_d.lib(tinyxml2d.dll) : warning LNK4006: "public: bool __thiscall tinyxml2::XMLDocument::Error(void)const " (?Error@XMLDocument@tinyxml2@@QBE_NXZ) ist bereits in "tmxparser_d.lib(TmxMap.obj)" definiert; zweite Definition wird ignoriert.
tinyxml2_d.lib(tinyxml2d.dll) : warning LNK4006: __NULL_IMPORT_DESCRIPTOR ist bereits in "assimp-vc140-mt_d.lib(assimp-vc140-mt.dll)" definiert; zweite Definition wird ignoriert.
tinyxml2_d.lib(tinyxml2d.dll) : warning LNK4221: Die Objektdatei definiert keine zuvor undefinierten ÷ffentlichen Symbole. Sie wird daher von keinem Verkn³pfungsvorgang verwendet, der diese Bibliothek benutzt.
OpenGL32.lib(OPENGL32.dll) : warning LNK4006: __NULL_IMPORT_DESCRIPTOR ist bereits in "assimp-vc140-mt_d.lib(assimp-vc140-mt.dll)" definiert; zweite Definition wird ignoriert.
OpenGL32.lib(OPENGL32.dll) : warning LNK4221: Die Objektdatei definiert keine zuvor undefinierten ÷ffentlichen Symbole. Sie wird daher von keinem Verkn³pfungsvorgang verwendet, der diese Bibliothek benutzt.
Vector4.obj : warning LNK4221: Die Objektdatei definiert keine zuvor undefinierten ÷ffentlichen Symbole. Sie wird daher von keinem Verkn³pfungsvorgang verwendet, der diese Bibliothek benutzt.
Vector3.obj : warning LNK4221: Die Objektdatei definiert keine zuvor undefinierten ÷ffentlichen Symbole. Sie wird daher von keinem Verkn³pfungsvorgang verwendet, der diese Bibliothek benutzt.
Vector2.obj : warning LNK4221: Die Objektdatei definiert keine zuvor undefinierten ÷ffentlichen Symbole. Sie wird daher von keinem Verkn³pfungsvorgang verwendet, der diese Bibliothek benutzt.
ResourceManager.obj : warning LNK4006: "public: struct aiScene const * __thiscall Assimp::Importer::ReadFile(class std::basic_string<char,struct std::char_traits<char>,class std::allocator<char> > const &,unsigned int)" (?ReadFile@Importer@Assimp@@QAEPBUaiScene@@ABV?$basic_string@DU?$char_traits@D@std@@V?$allocator@D@2@@std@@I@Z) ist bereits in "assimp-vc140-mt_d.lib(assimp-vc140-mt.dll)" definiert; zweite Definition wird ignoriert.
OBJLoader.obj : warning LNK4006: "public: enum aiReturn __thiscall aiMaterial::Get(char const *,unsigned int,unsigned int,float &)const " (?Get@aiMaterial@@QBE?AW4aiReturn@@PBDIIAAM@Z) ist bereits in "assimp-vc140-mt_d.lib(assimp-vc140-mt.dll)" definiert; zweite Definition wird ignoriert.
OBJLoader.obj : warning LNK4006: "public: enum aiReturn __thiscall aiMaterial::Get(char const *,unsigned int,unsigned int,struct aiColor3D &)const " (?Get@aiMaterial@@QBE?AW4aiReturn@@PBDIIAAUaiColor3D@@@Z) ist bereits in "assimp-vc140-mt_d.lib(assimp-vc140-mt.dll)" definiert; zweite Definition wird ignoriert.
OBJLoader.obj : warning LNK4006: "public: enum aiReturn __thiscall aiMaterial::Get(char const *,unsigned int,unsigned int,struct aiString &)const " (?Get@aiMaterial@@QBE?AW4aiReturn@@PBDIIAAUaiString@@@Z) ist bereits in "assimp-vc140-mt_d.lib(assimp-vc140-mt.dll)" definiert; zweite Definition wird ignoriert.
OBJLoader.obj : warning LNK4006: "public: enum aiReturn __thiscall aiMaterial::GetTexture(enum aiTextureType,unsigned int,struct aiString *,enum aiTextureMapping *,unsigned int *,float *,enum aiTextureOp *,enum aiTextureMapMode *)const " (?GetTexture@aiMaterial@@QBE?AW4aiReturn@@W4aiTextureType@@IPAUaiString@@PAW4aiTextureMapping@@PAIPAMPAW4aiTextureOp@@PAW4aiTextureMapMode@@@Z) ist bereits in "assimp-vc140-mt_d.lib(assimp-vc140-mt.dll)" definiert; zweite Definition wird ignoriert.
Matrix4.obj : warning LNK4221: Die Objektdatei definiert keine zuvor undefinierten ÷ffentlichen Symbole. Sie wird daher von keinem Verkn³pfungsvorgang verwendet, der diese Bibliothek benutzt.
Matrix3.obj : warning LNK4221: Die Objektdatei definiert keine zuvor undefinierten ÷ffentlichen Symbole. Sie wird daher von keinem Verkn³pfungsvorgang verwendet, der diese Bibliothek benutzt.
Geometry.obj : warning LNK4221: Die Objektdatei definiert keine zuvor undefinierten ÷ffentlichen Symbole. Sie wird daher von keinem Verkn³pfungsvorgang verwendet, der diese Bibliothek benutzt.
  JohnnyEngine.vcxproj -> E:\git_repositories\JohnnyEngine\projects\Windows\JohnnyEngine\\x86\Debug\JohnnyEngine_d.lib
