e:\git_repositories\johnnyengine\projects\windows\johnnyengine\x86\debug\johnnyengine.pdb
e:\git_repositories\johnnyengine\projects\windows\johnnyengine\x86\debug\johnnyengine.idb
e:\git_repositories\johnnyengine\projects\windows\johnnyengine\x86\debug\tmxobjectgroup.obj
e:\git_repositories\johnnyengine\projects\windows\johnnyengine\x86\debug\tmxpolygon.obj
e:\git_repositories\johnnyengine\projects\windows\johnnyengine\x86\debug\tmxpolyline.obj
e:\git_repositories\johnnyengine\projects\windows\johnnyengine\x86\debug\tmxproperty.obj
e:\git_repositories\johnnyengine\projects\windows\johnnyengine\x86\debug\tmxpropertyset.obj
e:\git_repositories\johnnyengine\projects\windows\johnnyengine\x86\debug\tmxterrain.obj
e:\git_repositories\johnnyengine\projects\windows\johnnyengine\x86\debug\tmxterrainarray.obj
e:\git_repositories\johnnyengine\projects\windows\johnnyengine\x86\debug\tmxtile.obj
e:\git_repositories\johnnyengine\projects\windows\johnnyengine\x86\debug\tmxtilelayer.obj
e:\git_repositories\johnnyengine\projects\windows\johnnyengine\x86\debug\tmxtileoffset.obj
e:\git_repositories\johnnyengine\projects\windows\johnnyengine\x86\debug\tmxtileset.obj
e:\git_repositories\johnnyengine\projects\windows\johnnyengine\x86\debug\tmxutil.obj
e:\git_repositories\johnnyengine\projects\windows\johnnyengine\x86\debug\transform2d.obj
e:\git_repositories\johnnyengine\projects\windows\johnnyengine\x86\debug\transform3d.obj
e:\git_repositories\johnnyengine\projects\windows\johnnyengine\x86\debug\tween.obj
e:\git_repositories\johnnyengine\projects\windows\johnnyengine\x86\debug\vector2.obj
e:\git_repositories\johnnyengine\projects\windows\johnnyengine\x86\debug\vector3.obj
e:\git_repositories\johnnyengine\projects\windows\johnnyengine\x86\debug\vector4.obj
e:\git_repositories\johnnyengine\projects\windows\johnnyengine\x86\debug\vertex3d.obj
e:\git_repositories\johnnyengine\projects\windows\johnnyengine\x86\debug\window.obj
e:\git_repositories\johnnyengine\projects\windows\johnnyengine\x86\debug\resourcemanager.obj
e:\git_repositories\johnnyengine\projects\windows\johnnyengine\x86\debug\sdlframework.obj
e:\git_repositories\johnnyengine\projects\windows\johnnyengine\x86\debug\settings.obj
e:\git_repositories\johnnyengine\projects\windows\johnnyengine\x86\debug\shader.obj
e:\git_repositories\johnnyengine\projects\windows\johnnyengine\x86\debug\shaderupdater.obj
e:\git_repositories\johnnyengine\projects\windows\johnnyengine\x86\debug\shadowmap3d.obj
e:\git_repositories\johnnyengine\projects\windows\johnnyengine\x86\debug\skybox.obj
e:\git_repositories\johnnyengine\projects\windows\johnnyengine\x86\debug\sprite2d.obj
e:\git_repositories\johnnyengine\projects\windows\johnnyengine\x86\debug\textactor2d.obj
e:\git_repositories\johnnyengine\projects\windows\johnnyengine\x86\debug\texture.obj
e:\git_repositories\johnnyengine\projects\windows\johnnyengine\x86\debug\tiledmap.obj
e:\git_repositories\johnnyengine\projects\windows\johnnyengine\x86\debug\timer.obj
e:\git_repositories\johnnyengine\projects\windows\johnnyengine\x86\debug\base64.obj
e:\git_repositories\johnnyengine\projects\windows\johnnyengine\x86\debug\tmxcolor.obj
e:\git_repositories\johnnyengine\projects\windows\johnnyengine\x86\debug\tmxellipse.obj
e:\git_repositories\johnnyengine\projects\windows\johnnyengine\x86\debug\tmximage.obj
e:\git_repositories\johnnyengine\projects\windows\johnnyengine\x86\debug\tmximagelayer.obj
e:\git_repositories\johnnyengine\projects\windows\johnnyengine\x86\debug\tmxlayer.obj
e:\git_repositories\johnnyengine\projects\windows\johnnyengine\x86\debug\tmxmap.obj
e:\git_repositories\johnnyengine\projects\windows\johnnyengine\x86\debug\tmxobject.obj
e:\git_repositories\johnnyengine\projects\windows\johnnyengine\x86\debug\glfwframework.obj
e:\git_repositories\johnnyengine\projects\windows\johnnyengine\x86\debug\inputmanager.obj
e:\git_repositories\johnnyengine\projects\windows\johnnyengine\x86\debug\joysticklistener.obj
e:\git_repositories\johnnyengine\projects\windows\johnnyengine\x86\debug\joystickmanager.obj
e:\git_repositories\johnnyengine\projects\windows\johnnyengine\x86\debug\light3d.obj
e:\git_repositories\johnnyengine\projects\windows\johnnyengine\x86\debug\logmanager.obj
e:\git_repositories\johnnyengine\projects\windows\johnnyengine\x86\debug\mainclass.obj
e:\git_repositories\johnnyengine\projects\windows\johnnyengine\x86\debug\mathematics.obj
e:\git_repositories\johnnyengine\projects\windows\johnnyengine\x86\debug\matrix3.obj
e:\git_repositories\johnnyengine\projects\windows\johnnyengine\x86\debug\matrix4.obj
e:\git_repositories\johnnyengine\projects\windows\johnnyengine\x86\debug\mesh3d.obj
e:\git_repositories\johnnyengine\projects\windows\johnnyengine\x86\debug\model3d.obj
e:\git_repositories\johnnyengine\projects\windows\johnnyengine\x86\debug\objloader.obj
e:\git_repositories\johnnyengine\projects\windows\johnnyengine\x86\debug\operators.obj
e:\git_repositories\johnnyengine\projects\windows\johnnyengine\x86\debug\physics2d.obj
e:\git_repositories\johnnyengine\projects\windows\johnnyengine\x86\debug\physicssprite2d.obj
e:\git_repositories\johnnyengine\projects\windows\johnnyengine\x86\debug\renderbuffer.obj
e:\git_repositories\johnnyengine\projects\windows\johnnyengine\x86\debug\rendermanager.obj
e:\git_repositories\johnnyengine\projects\windows\johnnyengine\x86\debug\rendertexture.obj
e:\git_repositories\johnnyengine\projects\windows\johnnyengine\x86\debug\renderutil.obj
e:\git_repositories\johnnyengine\projects\windows\johnnyengine\x86\debug\actor.obj
e:\git_repositories\johnnyengine\projects\windows\johnnyengine\x86\debug\camera2d.obj
e:\git_repositories\johnnyengine\projects\windows\johnnyengine\x86\debug\camera3d.obj
e:\git_repositories\johnnyengine\projects\windows\johnnyengine\x86\debug\colors.obj
e:\git_repositories\johnnyengine\projects\windows\johnnyengine\x86\debug\contactlistener.obj
e:\git_repositories\johnnyengine\projects\windows\johnnyengine\x86\debug\cubemap3d.obj
e:\git_repositories\johnnyengine\projects\windows\johnnyengine\x86\debug\debugmovement2d.obj
e:\git_repositories\johnnyengine\projects\windows\johnnyengine\x86\debug\debugmovement3d.obj
e:\git_repositories\johnnyengine\projects\windows\johnnyengine\x86\debug\entity3d.obj
e:\git_repositories\johnnyengine\projects\windows\johnnyengine\x86\debug\framebuffer.obj
e:\git_repositories\johnnyengine\projects\windows\johnnyengine\x86\debug\framework.obj
e:\git_repositories\johnnyengine\projects\windows\johnnyengine\x86\debug\geometry.obj
e:\git_repositories\johnnyengine\projects\windows\johnnyengine\x86\debug\sdl2_framerate.obj
e:\git_repositories\johnnyengine\projects\windows\johnnyengine\x86\debug\sdl2_gfxprimitives.obj
e:\git_repositories\johnnyengine\projects\windows\johnnyengine\x86\debug\sdl2_imagefilter.obj
e:\git_repositories\johnnyengine\projects\windows\johnnyengine\x86\debug\sdl2_rotozoom.obj
e:\git_repositories\johnnyengine\projects\windows\johnnyengine\x86\debug\stb_image.obj
e:\git_repositories\johnnyengine\projects\windows\johnnyengine\x86\debug\miniz.obj
e:\git_repositories\johnnyengine\projects\windows\johnnyengine\x86\debug\johnnyengine_d.lib
e:\git_repositories\johnnyengine\projects\windows\johnnyengine\x86\debug\johnnyengine.tlog\cl.command.1.tlog
e:\git_repositories\johnnyengine\projects\windows\johnnyengine\x86\debug\johnnyengine.tlog\cl.read.1.tlog
e:\git_repositories\johnnyengine\projects\windows\johnnyengine\x86\debug\johnnyengine.tlog\cl.write.1.tlog
e:\git_repositories\johnnyengine\projects\windows\johnnyengine\x86\debug\johnnyengine.tlog\lib-link.read.1.tlog
e:\git_repositories\johnnyengine\projects\windows\johnnyengine\x86\debug\johnnyengine.tlog\lib-link.write.1.tlog
e:\git_repositories\johnnyengine\projects\windows\johnnyengine\x86\debug\johnnyengine.tlog\lib.command.1.tlog
