e:\git_repositories\johnnyengine\projects\windows\johnnyengine\release\johnnyengine.pdb
e:\git_repositories\johnnyengine\projects\windows\johnnyengine\release\mathematics.obj
e:\git_repositories\johnnyengine\projects\windows\johnnyengine\release\mainclass.obj
e:\git_repositories\johnnyengine\projects\windows\johnnyengine\release\logmanager.obj
e:\git_repositories\johnnyengine\projects\windows\johnnyengine\release\light3d.obj
e:\git_repositories\johnnyengine\projects\windows\johnnyengine\release\joystickmanager.obj
e:\git_repositories\johnnyengine\projects\windows\johnnyengine\release\joysticklistener.obj
e:\git_repositories\johnnyengine\projects\windows\johnnyengine\release\inputmanager.obj
e:\git_repositories\johnnyengine\projects\windows\johnnyengine\release\glfwframework.obj
e:\git_repositories\johnnyengine\projects\windows\johnnyengine\release\geometry.obj
e:\git_repositories\johnnyengine\projects\windows\johnnyengine\release\framework.obj
e:\git_repositories\johnnyengine\projects\windows\johnnyengine\release\framebuffer.obj
e:\git_repositories\johnnyengine\projects\windows\johnnyengine\release\entity3d.obj
e:\git_repositories\johnnyengine\projects\windows\johnnyengine\release\debugmovement3d.obj
e:\git_repositories\johnnyengine\projects\windows\johnnyengine\release\debugmovement2d.obj
e:\git_repositories\johnnyengine\projects\windows\johnnyengine\release\cubemap3d.obj
e:\git_repositories\johnnyengine\projects\windows\johnnyengine\release\contactlistener.obj
e:\git_repositories\johnnyengine\projects\windows\johnnyengine\release\colors.obj
e:\git_repositories\johnnyengine\projects\windows\johnnyengine\release\camera3d.obj
e:\git_repositories\johnnyengine\projects\windows\johnnyengine\release\camera2d.obj
e:\git_repositories\johnnyengine\projects\windows\johnnyengine\release\actor.obj
e:\git_repositories\johnnyengine\projects\windows\johnnyengine\release\sprite2d.obj
e:\git_repositories\johnnyengine\projects\windows\johnnyengine\release\skybox.obj
e:\git_repositories\johnnyengine\projects\windows\johnnyengine\release\shadowmap3d.obj
e:\git_repositories\johnnyengine\projects\windows\johnnyengine\release\shaderupdater.obj
e:\git_repositories\johnnyengine\projects\windows\johnnyengine\release\shader.obj
e:\git_repositories\johnnyengine\projects\windows\johnnyengine\release\settings.obj
e:\git_repositories\johnnyengine\projects\windows\johnnyengine\release\sdlframework.obj
e:\git_repositories\johnnyengine\projects\windows\johnnyengine\release\resourcemanager.obj
e:\git_repositories\johnnyengine\projects\windows\johnnyengine\release\renderutil.obj
e:\git_repositories\johnnyengine\projects\windows\johnnyengine\release\rendertexture.obj
e:\git_repositories\johnnyengine\projects\windows\johnnyengine\release\rendermanager.obj
e:\git_repositories\johnnyengine\projects\windows\johnnyengine\release\renderbuffer.obj
e:\git_repositories\johnnyengine\projects\windows\johnnyengine\release\physicssprite2d.obj
e:\git_repositories\johnnyengine\projects\windows\johnnyengine\release\physics2d.obj
e:\git_repositories\johnnyengine\projects\windows\johnnyengine\release\operators.obj
e:\git_repositories\johnnyengine\projects\windows\johnnyengine\release\objloader.obj
e:\git_repositories\johnnyengine\projects\windows\johnnyengine\release\model3d.obj
e:\git_repositories\johnnyengine\projects\windows\johnnyengine\release\mesh3d.obj
e:\git_repositories\johnnyengine\projects\windows\johnnyengine\release\matrix4.obj
e:\git_repositories\johnnyengine\projects\windows\johnnyengine\release\matrix3.obj
e:\git_repositories\johnnyengine\projects\windows\johnnyengine\release\window.obj
e:\git_repositories\johnnyengine\projects\windows\johnnyengine\release\vertex3d.obj
e:\git_repositories\johnnyengine\projects\windows\johnnyengine\release\vector4.obj
e:\git_repositories\johnnyengine\projects\windows\johnnyengine\release\vector3.obj
e:\git_repositories\johnnyengine\projects\windows\johnnyengine\release\vector2.obj
e:\git_repositories\johnnyengine\projects\windows\johnnyengine\release\tween.obj
e:\git_repositories\johnnyengine\projects\windows\johnnyengine\release\transform3d.obj
e:\git_repositories\johnnyengine\projects\windows\johnnyengine\release\transform2d.obj
e:\git_repositories\johnnyengine\projects\windows\johnnyengine\release\timer.obj
e:\git_repositories\johnnyengine\projects\windows\johnnyengine\release\tiledmap.obj
e:\git_repositories\johnnyengine\projects\windows\johnnyengine\release\texture.obj
e:\git_repositories\johnnyengine\projects\windows\johnnyengine\release\textactor2d.obj
e:\git_repositories\johnnyengine\projects\windows\johnnyengine\release\stb_image.obj
e:\git_repositories\johnnyengine\projects\windows\johnnyengine\release\sdl2_rotozoom.obj
e:\git_repositories\johnnyengine\projects\windows\johnnyengine\release\sdl2_imagefilter.obj
e:\git_repositories\johnnyengine\projects\windows\johnnyengine\release\sdl2_gfxprimitives.obj
e:\git_repositories\johnnyengine\projects\windows\johnnyengine\release\sdl2_framerate.obj
e:\git_repositories\johnnyengine\projects\windows\johnnyengine\x86\release\johnnyengine.lib
e:\git_repositories\johnnyengine\projects\windows\johnnyengine\\x86\release\johnnyengine.lib
e:\git_repositories\johnnyengine\projects\windows\johnnyengine\release\johnnyengine.tlog\cl.command.1.tlog
e:\git_repositories\johnnyengine\projects\windows\johnnyengine\release\johnnyengine.tlog\cl.read.1.tlog
e:\git_repositories\johnnyengine\projects\windows\johnnyengine\release\johnnyengine.tlog\cl.write.1.tlog
e:\git_repositories\johnnyengine\projects\windows\johnnyengine\release\johnnyengine.tlog\lib-link.read.1.tlog
e:\git_repositories\johnnyengine\projects\windows\johnnyengine\release\johnnyengine.tlog\lib-link.write.1.tlog
e:\git_repositories\johnnyengine\projects\windows\johnnyengine\release\johnnyengine.tlog\lib.command.1.tlog
